Determining if the pthread_create exist failed with the following output:
Change Dir: /home/tuttyfrutyee/Documents/programmingPlayground/opengl/denemeler/deneme1/CMakeFiles/CMakeTmp

Run Build Command:"/usr/bin/make" "cmTC_870df/fast"
/usr/bin/make -f CMakeFiles/cmTC_870df.dir/build.make CMakeFiles/cmTC_870df.dir/build
make[1]: Entering directory '/home/tuttyfrutyee/Documents/programmingPlayground/opengl/denemeler/deneme1/CMakeFiles/CMakeTmp'
Building C object CMakeFiles/cmTC_870df.dir/CheckSymbolExists.c.o
/usr/bin/cc    -o CMakeFiles/cmTC_870df.dir/CheckSymbolExists.c.o   -c /home/tuttyfrutyee/Documents/programmingPlayground/opengl/denemeler/deneme1/CMakeFiles/CMakeTmp/CheckSymbolExists.c
Linking C executable cmTC_870df
/usr/bin/cmake -E cmake_link_script CMakeFiles/cmTC_870df.dir/link.txt --verbose=1
/usr/bin/cc      -rdynamic CMakeFiles/cmTC_870df.dir/CheckSymbolExists.c.o  -o cmTC_870df 
CMakeFiles/cmTC_870df.dir/CheckSymbolExists.c.o: In function `main':
CheckSymbolExists.c:(.text+0x1b): undefined reference to `pthread_create'
collect2: error: ld returned 1 exit status
CMakeFiles/cmTC_870df.dir/build.make:97: recipe for target 'cmTC_870df' failed
make[1]: *** [cmTC_870df] Error 1
make[1]: Leaving directory '/home/tuttyfrutyee/Documents/programmingPlayground/opengl/denemeler/deneme1/CMakeFiles/CMakeTmp'
Makefile:126: recipe for target 'cmTC_870df/fast' failed
make: *** [cmTC_870df/fast] Error 2

File /home/tuttyfrutyee/Documents/programmingPlayground/opengl/denemeler/deneme1/CMakeFiles/CMakeTmp/CheckSymbolExists.c:
/* */
#include <pthread.h>

int main(int argc, char** argv)
{
  (void)argv;
#ifndef pthread_create
  return ((int*)(&pthread_create))[argc];
#else
  (void)argc;
  return 0;
#endif
}

Determining if the function pthread_create exists in the pthreads failed with the following output:
Change Dir: /home/tuttyfrutyee/Documents/programmingPlayground/opengl/denemeler/deneme1/CMakeFiles/CMakeTmp

Run Build Command:"/usr/bin/make" "cmTC_68b34/fast"
/usr/bin/make -f CMakeFiles/cmTC_68b34.dir/build.make CMakeFiles/cmTC_68b34.dir/build
make[1]: Entering directory '/home/tuttyfrutyee/Documents/programmingPlayground/opengl/denemeler/deneme1/CMakeFiles/CMakeTmp'
Building C object CMakeFiles/cmTC_68b34.dir/CheckFunctionExists.c.o
/usr/bin/cc   -DCHECK_FUNCTION_EXISTS=pthread_create   -o CMakeFiles/cmTC_68b34.dir/CheckFunctionExists.c.o   -c /usr/share/cmake-3.10/Modules/CheckFunctionExists.c
Linking C executable cmTC_68b34
/usr/bin/cmake -E cmake_link_script CMakeFiles/cmTC_68b34.dir/link.txt --verbose=1
/usr/bin/cc  -DCHECK_FUNCTION_EXISTS=pthread_create    -rdynamic CMakeFiles/cmTC_68b34.dir/CheckFunctionExists.c.o  -o cmTC_68b34 -lpthreads 
/usr/bin/ld: cannot find -lpthreads
collect2: error: ld returned 1 exit status
CMakeFiles/cmTC_68b34.dir/build.make:97: recipe for target 'cmTC_68b34' failed
make[1]: *** [cmTC_68b34] Error 1
make[1]: Leaving directory '/home/tuttyfrutyee/Documents/programmingPlayground/opengl/denemeler/deneme1/CMakeFiles/CMakeTmp'
Makefile:126: recipe for target 'cmTC_68b34/fast' failed
make: *** [cmTC_68b34/fast] Error 2


Determining if the pthread_create exist failed with the following output:
Change Dir: /home/tuttyfrutyee/Documents/programmingPlayground/opengl/denemeler/deneme1/CMakeFiles/CMakeTmp

Run Build Command:"/usr/bin/make" "cmTC_d7ef9/fast"
/usr/bin/make -f CMakeFiles/cmTC_d7ef9.dir/build.make CMakeFiles/cmTC_d7ef9.dir/build
make[1]: Entering directory '/home/tuttyfrutyee/Documents/programmingPlayground/opengl/denemeler/deneme1/CMakeFiles/CMakeTmp'
Building C object CMakeFiles/cmTC_d7ef9.dir/CheckSymbolExists.c.o
/usr/bin/cc    -o CMakeFiles/cmTC_d7ef9.dir/CheckSymbolExists.c.o   -c /home/tuttyfrutyee/Documents/programmingPlayground/opengl/denemeler/deneme1/CMakeFiles/CMakeTmp/CheckSymbolExists.c
Linking C executable cmTC_d7ef9
/usr/bin/cmake -E cmake_link_script CMakeFiles/cmTC_d7ef9.dir/link.txt --verbose=1
/usr/bin/cc      -rdynamic CMakeFiles/cmTC_d7ef9.dir/CheckSymbolExists.c.o  -o cmTC_d7ef9 
CMakeFiles/cmTC_d7ef9.dir/CheckSymbolExists.c.o: In function `main':
CheckSymbolExists.c:(.text+0x1b): undefined reference to `pthread_create'
collect2: error: ld returned 1 exit status
CMakeFiles/cmTC_d7ef9.dir/build.make:97: recipe for target 'cmTC_d7ef9' failed
make[1]: *** [cmTC_d7ef9] Error 1
make[1]: Leaving directory '/home/tuttyfrutyee/Documents/programmingPlayground/opengl/denemeler/deneme1/CMakeFiles/CMakeTmp'
Makefile:126: recipe for target 'cmTC_d7ef9/fast' failed
make: *** [cmTC_d7ef9/fast] Error 2

File /home/tuttyfrutyee/Documents/programmingPlayground/opengl/denemeler/deneme1/CMakeFiles/CMakeTmp/CheckSymbolExists.c:
/* */
#include <pthread.h>

int main(int argc, char** argv)
{
  (void)argv;
#ifndef pthread_create
  return ((int*)(&pthread_create))[argc];
#else
  (void)argc;
  return 0;
#endif
}

Determining if the function pthread_create exists in the pthreads failed with the following output:
Change Dir: /home/tuttyfrutyee/Documents/programmingPlayground/opengl/denemeler/deneme1/CMakeFiles/CMakeTmp

Run Build Command:"/usr/bin/make" "cmTC_4e2f3/fast"
/usr/bin/make -f CMakeFiles/cmTC_4e2f3.dir/build.make CMakeFiles/cmTC_4e2f3.dir/build
make[1]: Entering directory '/home/tuttyfrutyee/Documents/programmingPlayground/opengl/denemeler/deneme1/CMakeFiles/CMakeTmp'
Building C object CMakeFiles/cmTC_4e2f3.dir/CheckFunctionExists.c.o
/usr/bin/cc   -DCHECK_FUNCTION_EXISTS=pthread_create   -o CMakeFiles/cmTC_4e2f3.dir/CheckFunctionExists.c.o   -c /usr/share/cmake-3.10/Modules/CheckFunctionExists.c
Linking C executable cmTC_4e2f3
/usr/bin/cmake -E cmake_link_script CMakeFiles/cmTC_4e2f3.dir/link.txt --verbose=1
/usr/bin/cc  -DCHECK_FUNCTION_EXISTS=pthread_create    -rdynamic CMakeFiles/cmTC_4e2f3.dir/CheckFunctionExists.c.o  -o cmTC_4e2f3 -lpthreads 
/usr/bin/ld: cannot find -lpthreads
collect2: error: ld returned 1 exit status
CMakeFiles/cmTC_4e2f3.dir/build.make:97: recipe for target 'cmTC_4e2f3' failed
make[1]: *** [cmTC_4e2f3] Error 1
make[1]: Leaving directory '/home/tuttyfrutyee/Documents/programmingPlayground/opengl/denemeler/deneme1/CMakeFiles/CMakeTmp'
Makefile:126: recipe for target 'cmTC_4e2f3/fast' failed
make: *** [cmTC_4e2f3/fast] Error 2


